Build started 19/06/2020 17:08:06.
     1>Project "D:\GitHub\breakout\breakout\breakout.vcxproj" on node 2 (Rebuild target(s)).
     1>ClCompile:
         C:\Program Files (x86)\Microsoft Visual Studio 11.0\VC\bin\CL.exe /c /I"D:\SFML-2.4.0(Win32 - Visual Studio 2012)\include" /Zi /nologo /W3 /WX- /O2 /Oi /Oy- /GL /D WIN32 /D NDEBUG /D _CONSOLE /D _UNICODE /D UNICODE /Gm- /EHsc /MD /GS /Gy /fp:precise /Zc:wchar_t /Zc:forScope /Fo"Release\\" /Fd"Release\vc110.pdb" /Gd /TP /analyze- /errorReport:prompt ball.cpp bricks.cpp main.cpp paddle.cpp player.cpp sound.cpp
         ball.cpp
     1>ball.cpp(41): warning C4244: '=' : conversion from 'int' to 'float', possible loss of data
     1>ball.cpp(46): warning C4244: '-=' : conversion from 'double' to 'float', possible loss of data
     1>ball.cpp(51): warning C4244: '+=' : conversion from 'double' to 'float', possible loss of data
     1>ball.cpp(56): warning C4244: '=' : conversion from 'int' to 'float', possible loss of data
     1>ball.cpp(62): warning C4244: '+=' : conversion from 'double' to 'float', possible loss of data
     1>ball.cpp(67): warning C4244: '-=' : conversion from 'double' to 'float', possible loss of data
         bricks.cpp
     1>bricks.cpp(42): warning C4244: 'argument' : conversion from 'int' to 'float', possible loss of data
         main.cpp
         paddle.cpp
     1>paddle.cpp(17): warning C4244: '-=' : conversion from 'double' to 'float', possible loss of data
     1>paddle.cpp(23): warning C4244: '+=' : conversion from 'double' to 'float', possible loss of data
         player.cpp
         sound.cpp
       Link:
         C:\Program Files (x86)\Microsoft Visual Studio 11.0\VC\bin\link.exe /ERRORREPORT:PROMPT /OUT:"D:\GitHub\breakout\Release\breakout.exe" /INCREMENTAL:NO /NOLOGO /LIBPATH:"D:\SFML-2.4.0(Win32 - Visual Studio 2012)\lib" "sfml-system.lib" "sfml-graphics.lib" "sfml-audio.lib" "sfml-network.lib" "sfml-window.lib" kernel32.lib user32.lib gdi32.lib winspool.lib comdlg32.lib advapi32.lib shell32.lib ole32.lib oleaut32.lib uuid.lib odbc32.lib odbccp32.lib kernel32.lib user32.lib gdi32.lib winspool.lib comdlg32.lib advapi32.lib shell32.lib ole32.lib oleaut32.lib uuid.lib odbc32.lib odbccp32.lib /MANIFEST /MANIFESTUAC:"level='asInvoker' uiAccess='false'" /manifest:embed /DEBUG /PDB:"D:\GitHub\breakout\Release\breakout.pdb" /SUBSYSTEM:CONSOLE /OPT:REF /OPT:ICF /LTCG /TLBID:1 /DYNAMICBASE /NXCOMPAT /IMPLIB:"D:\GitHub\breakout\Release\breakout.lib" /MACHINE:X86 /SAFESEH Release\ball.obj
         Release\bricks.obj
         Release\main.obj
         Release\paddle.obj
         Release\player.obj
         Release\sound.obj
         Generating code
         Finished generating code
         breakout.vcxproj -> D:\GitHub\breakout\Release\breakout.exe
     1>Done Building Project "D:\GitHub\breakout\breakout\breakout.vcxproj" (Rebuild target(s)).

Build succeeded.

Time Elapsed 00:00:03.43
