D:\GITHUB\BREAKOUT\BREAKOUT\RELEASE\SOUND.OBJ
D:\GITHUB\BREAKOUT\BREAKOUT\RELEASE\PLAYER.OBJ
D:\GITHUB\BREAKOUT\BREAKOUT\RELEASE\PADDLE.OBJ
D:\GITHUB\BREAKOUT\BREAKOUT\RELEASE\MAIN.OBJ
D:\GITHUB\BREAKOUT\BREAKOUT\RELEASE\BRICKS.OBJ
D:\GITHUB\BREAKOUT\BREAKOUT\RELEASE\BALL.OBJ
D:\GITHUB\BREAKOUT\BREAKOUT\RELEASE\VC110.PDB
D:\GITHUB\BREAKOUT\RELEASE\BREAKOUT.EXE
D:\GITHUB\BREAKOUT\RELEASE\BREAKOUT.PDB
D:\GitHub\breakout\breakout\Release\ball.obj
D:\GitHub\breakout\breakout\Release\bricks.obj
D:\GitHub\breakout\breakout\Release\main.obj
D:\GitHub\breakout\breakout\Release\paddle.obj
D:\GitHub\breakout\breakout\Release\player.obj
D:\GitHub\breakout\breakout\Release\sound.obj
D:\GitHub\breakout\breakout\Release\cl.command.1.tlog
D:\GitHub\breakout\breakout\Release\CL.read.1.tlog
D:\GitHub\breakout\breakout\Release\CL.write.1.tlog
D:\GitHub\breakout\breakout\Release\link-cvtres.read.1.tlog
D:\GitHub\breakout\breakout\Release\link-cvtres.write.1.tlog
D:\GitHub\breakout\breakout\Release\link-rc.read.1.tlog
D:\GitHub\breakout\breakout\Release\link-rc.write.1.tlog
D:\GitHub\breakout\breakout\Release\link.command.1.tlog
D:\GitHub\breakout\breakout\Release\link.read.1.tlog
D:\GitHub\breakout\breakout\Release\link.write.1.tlog
D:\GitHub\breakout\breakout\Release\vc110.pdb
D:\GitHub\breakout\Release\breakout.pdb
D:\GitHub\breakout\Release\breakout.exe
