Build started 19/06/2020 17:09:06.
     1>Project "D:\GitHub\breakout\breakout\breakout.vcxproj" on node 2 (Rebuild target(s)).
     1>ClCompile:
         C:\Program Files (x86)\Microsoft Visual Studio 11.0\VC\bin\CL.exe /c /I"D:\SFML-2.4.2(Win32 - Visual Studio 2012)\include" /ZI /nologo /W3 /WX- /Od /Oy- /D WIN32 /D _DEBUG /D _CONSOLE /D _UNICODE /D UNICODE /Gm /EHsc /RTC1 /MDd /GS /fp:precise /Zc:wchar_t /Zc:forScope /Fo"Debug\\" /Fd"Debug\vc110.pdb" /Gd /TP /analyze- /errorReport:prompt ball.cpp bricks.cpp main.cpp paddle.cpp player.cpp sound.cpp
         sound.cpp
         player.cpp
         paddle.cpp
     1>d:\github\breakout\breakout\paddle.cpp(17): warning C4244: '-=' : conversion from 'double' to 'float', possible loss of data
     1>d:\github\breakout\breakout\paddle.cpp(23): warning C4244: '+=' : conversion from 'double' to 'float', possible loss of data
         main.cpp
         bricks.cpp
     1>d:\github\breakout\breakout\bricks.cpp(42): warning C4244: 'argument' : conversion from 'int' to 'float', possible loss of data
         ball.cpp
     1>d:\github\breakout\breakout\ball.cpp(41): warning C4244: '=' : conversion from 'int' to 'float', possible loss of data
     1>d:\github\breakout\breakout\ball.cpp(46): warning C4244: '-=' : conversion from 'double' to 'float', possible loss of data
     1>d:\github\breakout\breakout\ball.cpp(51): warning C4244: '+=' : conversion from 'double' to 'float', possible loss of data
     1>d:\github\breakout\breakout\ball.cpp(56): warning C4244: '=' : conversion from 'int' to 'float', possible loss of data
     1>d:\github\breakout\breakout\ball.cpp(62): warning C4244: '+=' : conversion from 'double' to 'float', possible loss of data
     1>d:\github\breakout\breakout\ball.cpp(67): warning C4244: '-=' : conversion from 'double' to 'float', possible loss of data
         Generating Code...
       Link:
         C:\Program Files (x86)\Microsoft Visual Studio 11.0\VC\bin\link.exe /ERRORREPORT:PROMPT /OUT:"D:\GitHub\breakout\Debug\breakout.exe" /INCREMENTAL /NOLOGO /LIBPATH:"D:\SFML-2.4.2(Win32 - Visual Studio 2012)\lib" "sfml-system-d.lib" "sfml-graphics-d.lib" "sfml-audio-d.lib" "sfml-network-d.lib" "sfml-window-d.lib" kernel32.lib user32.lib gdi32.lib winspool.lib comdlg32.lib advapi32.lib shell32.lib ole32.lib oleaut32.lib uuid.lib odbc32.lib odbccp32.lib kernel32.lib user32.lib gdi32.lib winspool.lib comdlg32.lib advapi32.lib shell32.lib ole32.lib oleaut32.lib uuid.lib odbc32.lib odbccp32.lib /MANIFEST /MANIFESTUAC:"level='asInvoker' uiAccess='false'" /manifest:embed /DEBUG /PDB:"D:\GitHub\breakout\Debug\breakout.pdb" /SUBSYSTEM:CONSOLE /TLBID:1 /DYNAMICBASE /NXCOMPAT /IMPLIB:"D:\GitHub\breakout\Debug\breakout.lib" /MACHINE:X86 Debug\ball.obj
         Debug\bricks.obj
         Debug\main.obj
         Debug\paddle.obj
         Debug\player.obj
         Debug\sound.obj
         breakout.vcxproj -> D:\GitHub\breakout\Debug\breakout.exe
     1>Done Building Project "D:\GitHub\breakout\breakout\breakout.vcxproj" (Rebuild target(s)).

Build succeeded.

Time Elapsed 00:00:03.91
