D:\GITHUB\BREAKOUT\BREAKOUT\DEBUG\BALL.OBJ
D:\GITHUB\BREAKOUT\BREAKOUT\DEBUG\BRICKS.OBJ
D:\GITHUB\BREAKOUT\BREAKOUT\DEBUG\MAIN.OBJ
D:\GITHUB\BREAKOUT\BREAKOUT\DEBUG\PADDLE.OBJ
D:\GITHUB\BREAKOUT\BREAKOUT\DEBUG\PLAYER.OBJ
D:\GITHUB\BREAKOUT\BREAKOUT\DEBUG\SOUND.OBJ
D:\GITHUB\BREAKOUT\BREAKOUT\DEBUG\VC110.PDB
D:\GITHUB\BREAKOUT\DEBUG\BREAKOUT.ILK
D:\GITHUB\BREAKOUT\DEBUG\BREAKOUT.EXE
D:\GITHUB\BREAKOUT\DEBUG\BREAKOUT.PDB
D:\GitHub\breakout\breakout\Debug\ball.obj
D:\GitHub\breakout\breakout\Debug\bricks.obj
D:\GitHub\breakout\breakout\Debug\main.obj
D:\GitHub\breakout\breakout\Debug\paddle.obj
D:\GitHub\breakout\breakout\Debug\player.obj
D:\GitHub\breakout\breakout\Debug\sound.obj
D:\GitHub\breakout\breakout\Debug\cl.command.1.tlog
D:\GitHub\breakout\breakout\Debug\CL.read.1.tlog
D:\GitHub\breakout\breakout\Debug\CL.write.1.tlog
D:\GitHub\breakout\breakout\Debug\link-cvtres.read.1.tlog
D:\GitHub\breakout\breakout\Debug\link-cvtres.write.1.tlog
D:\GitHub\breakout\breakout\Debug\link-rc.read.1.tlog
D:\GitHub\breakout\breakout\Debug\link-rc.write.1.tlog
D:\GitHub\breakout\breakout\Debug\link.command.1.tlog
D:\GitHub\breakout\breakout\Debug\link.read.1.tlog
D:\GitHub\breakout\breakout\Debug\link.write.1.tlog
D:\GitHub\breakout\breakout\Debug\vc110.idb
D:\GitHub\breakout\breakout\Debug\vc110.pdb
D:\GitHub\breakout\Debug\breakout.pdb
D:\GitHub\breakout\Debug\breakout.exe
D:\GitHub\breakout\Debug\breakout.ilk
